<?xml version="1.0" encoding="UTF-8"?>
<!-- Generated by org.testng.reporters.JUnitReportReporter -->
<testsuite hostname="LT-6374" failures="0" tests="4" name="TestCases.ManageEmployees" time="44.338" errors="0" timestamp="2024-06-10T07:20:42 CST" skipped="0">
  <testcase classname="TestCases.ManageEmployees" name="ManageEmployeePage" time="15.855"/>
  <testcase classname="TestCases.ManageEmployees" name="InputSSS_message" time="9.514"/>
  <testcase classname="TestCases.ManageEmployees" name="InputSSS_message" time="9.427"/>
  <testcase classname="TestCases.ManageEmployees" name="InputSSS_message" time="9.542"/>
</testsuite> <!-- TestCases.ManageEmployees -->
