<?xml version="1.0" encoding="UTF-8"?>
<!-- Generated by org.testng.reporters.JUnitReportReporter -->
<testsuite hostname="LT-6374" failures="0" tests="3" name="TestCases.Dashboard2" time="29.695" errors="0" timestamp="2024-05-01T13:37:58 CST" skipped="0">
  <testcase classname="TestCases.Dashboard2" name="HR_Logins" time="12.826"/>
  <testcase classname="TestCases.Dashboard2" name="ContentNames" time="12.308"/>
  <testcase classname="TestCases.Dashboard2" name="ClickableMenus" time="4.561"/>
</testsuite> <!-- TestCases.Dashboard2 -->
